    OpenRGB v0.6
    Commit:  from 
    Launched: 20210603_085911
====================================================================================================

Notice: Found file: black.orp attempting to validate header
Notice: Valid v1 profile found for black
Notice: Found file: Black.orp attempting to validate header
Notice: Valid v1 profile found for Black
Notice: Saving detector settings
Notice: Detection started
Notice: Initializing HID interfaces: Success
Notice: Detecting I2C interfaces
Notice: Registering I2C interface: /dev/i2c-3
Notice: Registering I2C interface: /dev/i2c-10
Notice: Registering I2C interface: /dev/i2c-1
Notice: Registering I2C interface: /dev/i2c-8
Notice: Registering I2C interface: /dev/i2c-6
Notice: Registering I2C interface: /dev/i2c-4
Notice: Registering I2C interface: /dev/i2c-2
Notice: Registering I2C interface: /dev/i2c-0
Notice: Registering I2C interface: /dev/i2c-9
Notice: Registering I2C interface: /dev/i2c-7
Notice: Registering I2C interface: /dev/i2c-5
Notice: Detecting I2C devices
Notice: Loading plugins
Notice: Registering RGB controller: Crucial DRAM
Notice: Registering RGB controller: Crucial DRAM
Notice: Detecting HID devices
Notice: Detecting other devices
Notice: Detection completed
Notice: Profile loading: Succeeded for Crucial DRAM @ I2C: /dev/i2c-7, address 0x21
Notice: Profile loading: Succeeded for Crucial DRAM @ I2C: /dev/i2c-7, address 0x23
Notice: Detection started
Notice: Initializing HID interfaces: Success
Notice: Detecting I2C interfaces
Notice: Registering I2C interface: /dev/i2c-3
Notice: Registering I2C interface: /dev/i2c-10
Notice: Registering I2C interface: /dev/i2c-1
Notice: Registering I2C interface: /dev/i2c-8
Notice: Registering I2C interface: /dev/i2c-6
Notice: Registering I2C interface: /dev/i2c-4
Notice: Registering I2C interface: /dev/i2c-2
Notice: Registering I2C interface: /dev/i2c-0
Notice: Registering I2C interface: /dev/i2c-9
Notice: Registering I2C interface: /dev/i2c-7
Notice: Registering I2C interface: /dev/i2c-5
Notice: Detecting I2C devices
Notice: Registering RGB controller: Crucial DRAM
Notice: Registering RGB controller: Crucial DRAM
Notice: Detecting HID devices
Notice: Detecting other devices
Notice: Detection completed
Notice: Detection started
Notice: Initializing HID interfaces: Success
Notice: Detecting I2C interfaces
Notice: Registering I2C interface: /dev/i2c-3
Notice: Registering I2C interface: /dev/i2c-10
Notice: Registering I2C interface: /dev/i2c-1
Notice: Registering I2C interface: /dev/i2c-8
Notice: Registering I2C interface: /dev/i2c-6
Notice: Registering I2C interface: /dev/i2c-4
Notice: Registering I2C interface: /dev/i2c-2
Notice: Registering I2C interface: /dev/i2c-0
Notice: Registering I2C interface: /dev/i2c-9
Notice: Registering I2C interface: /dev/i2c-7
Notice: Registering I2C interface: /dev/i2c-5
Notice: Detecting I2C devices
Notice: Registering RGB controller: Crucial DRAM
Notice: Registering RGB controller: Crucial DRAM
Notice: Detecting HID devices
Notice: Detecting other devices
Notice: Detection completed
Notice: Detection started
Notice: Initializing HID interfaces: Success
Notice: Detecting I2C interfaces
Notice: Registering I2C interface: /dev/i2c-3
Notice: Registering I2C interface: /dev/i2c-10
Notice: Registering I2C interface: /dev/i2c-1
Notice: Registering I2C interface: /dev/i2c-8
Notice: Registering I2C interface: /dev/i2c-6
Notice: Registering I2C interface: /dev/i2c-4
Notice: Registering I2C interface: /dev/i2c-2
Notice: Registering I2C interface: /dev/i2c-0
Notice: Registering I2C interface: /dev/i2c-9
Notice: Registering I2C interface: /dev/i2c-7
Notice: Registering I2C interface: /dev/i2c-5
Notice: Detecting I2C devices
Notice: Registering RGB controller: Crucial DRAM
Notice: Registering RGB controller: Crucial DRAM
Notice: Detecting HID devices
Notice: Detecting other devices
Notice: Detection completed
